Before Training:
Weights for output: 1
-16, -21, -18, 51, 62
Weights for output: 2
-57, -63, 83, -62, -67
Weights for output: 3
-29, 21, -97, -63, 84

Iterations for output 0: 23
Iterations for output 1: 56
Iterations for output 2: 32

After Training:
Weights for output: 1
-1.57, 2.94, -35.97, 38.7, 65.6
Weights for output: 2
11.1, -10.89, 22.9101, -94.6701, -45.4
Weights for output: 3
-22.58, -13.68, 27.08, -1.35003, 75.2999

Precision: 100, Recall: 100
Precision: 95, Recall: 65.5172
Precision: 55, Recall: 100
Sum squared error: 20
