Predicted: 100
Actual:    100
Predicted: 100
Actual:    100
Predicted: 100
Actual:    100
Predicted: 100
Actual:    100
Predicted: 100
Actual:    100
Predicted: 100
Actual:    100
Predicted: 100
Actual:    100
Predicted: 100
Actual:    100
Predicted: 100
Actual:    100
Predicted: 110
Actual:    100
Predicted: 001
Actual:    010
Predicted: 001
Actual:    010
Predicted: 001
Actual:    010
Predicted: 001
Actual:    010
Predicted: 001
Actual:    010
Predicted: 000
Actual:    010
Predicted: 001
Actual:    010
Predicted: 001
Actual:    010
Predicted: 001
Actual:    010
Predicted: 001
Actual:    010
Predicted: 001
Actual:    001
Predicted: 001
Actual:    001
Predicted: 001
Actual:    001
Predicted: 001
Actual:    001
Predicted: 001
Actual:    001
Predicted: 001
Actual:    001
Predicted: 001
Actual:    001
Predicted: 001
Actual:    001
Predicted: 001
Actual:    001
Predicted: 001
Actual:    001
